<?xml version="1.0" encoding="UTF-8"?>
<testng-results ignored="0" total="1" passed="1" failed="0" skipped="0">
  <reporter-output>
  </reporter-output>
  <suite started-at="2025-03-25T18:56:07 IST" name="Default suite" finished-at="2025-03-25T18:56:15 IST" duration-ms="7618">
    <groups>
    </groups>
    <test started-at="2025-03-25T18:56:07 IST" name="Default test" finished-at="2025-03-25T18:56:15 IST" duration-ms="7618">
      <class name="demo.test.WebUI_Demo">
        <test-method signature="LoginTest_001()[pri:0, instance:demo.test.WebUI_Demo@791f145a]" started-at="2025-03-25T18:56:07 IST" name="LoginTest_001" finished-at="2025-03-25T18:56:15 IST" duration-ms="7581" status="PASS">
          <reporter-output>
          </reporter-output>
        </test-method> <!-- LoginTest_001 -->
      </class> <!-- demo.test.WebUI_Demo -->
    </test> <!-- Default test -->
  </suite> <!-- Default suite -->
</testng-results>
