<?xml version="1.0" encoding="UTF-8"?>
<testng-results ignored="0" total="1" passed="1" failed="0" skipped="0">
  <reporter-output>
  </reporter-output>
  <suite started-at="2025-03-25T17:02:52 IST" name="Default suite" finished-at="2025-03-25T17:02:52 IST" duration-ms="59">
    <groups>
    </groups>
    <test started-at="2025-03-25T17:02:52 IST" name="Default test" finished-at="2025-03-25T17:02:52 IST" duration-ms="59">
      <class name="demo.test.TestNG_Demo">
        <test-method is-config="true" signature="beforeMethod()[pri:0, instance:demo.test.TestNG_Demo@55634720]" started-at="2025-03-25T17:02:52 IST" name="beforeMethod" finished-at="2025-03-25T17:02:52 IST" duration-ms="10" status="PASS">
          <reporter-output>
          </reporter-output>
        </test-method> <!-- beforeMethod -->
        <test-method signature="Test001()[pri:0, instance:demo.test.TestNG_Demo@55634720]" started-at="2025-03-25T17:02:52 IST" name="Test001" finished-at="2025-03-25T17:02:52 IST" duration-ms="6" status="PASS">
          <reporter-output>
          </reporter-output>
        </test-method> <!-- Test001 -->
        <test-method is-config="true" signature="afterMethod()[pri:0, instance:demo.test.TestNG_Demo@55634720]" started-at="2025-03-25T17:02:52 IST" name="afterMethod" finished-at="2025-03-25T17:02:52 IST" duration-ms="1" status="PASS">
          <reporter-output>
          </reporter-output>
        </test-method> <!-- afterMethod -->
      </class> <!-- demo.test.TestNG_Demo -->
    </test> <!-- Default test -->
  </suite> <!-- Default suite -->
</testng-results>
